<?xml version="1.0" encoding="UTF-8"?>
<testsuite xmlns:xsi="http://www.w3.org/2001/XMLSchema-instance" xsi:noNamespaceSchemaLocation="https://maven.apache.org/surefire/maven-surefire-plugin/xsd/surefire-test-report-3.0.xsd" version="3.0" name="pjm.vendingmachine.service.VendingMachineServiceLayerTest" time="0.022" tests="13" errors="13" skipped="0" failures="0">
  <properties>
[...]
</properties>
  <testcase name="testGetSodaById" classname="pjm.vendingmachine.service.VendingMachineServiceLayerTest" time="0.002">
    <error type="java.lang.NullPointerException"><![CDATA[java.lang.NullPointerException
	at pjm.vendingmachine.service.VendingMachineServiceLayerTest.<init>(VendingMachineServiceLayerTest.java:30)
]]></error>
  </testcase>
  <testcase name="testGetSodas" classname="pjm.vendingmachine.service.VendingMachineServiceLayerTest" time="0.001">
    <error type="java.lang.NullPointerException"><![CDATA[java.lang.NullPointerException
	at pjm.vendingmachine.service.VendingMachineServiceLayerTest.<init>(VendingMachineServiceLayerTest.java:30)
]]></error>
  </testcase>
  <testcase name="testSetMessage" classname="pjm.vendingmachine.service.VendingMachineServiceLayerTest" time="0.001">
    <error type="java.lang.NullPointerException"><![CDATA[java.lang.NullPointerException
	at pjm.vendingmachine.service.VendingMachineServiceLayerTest.<init>(VendingMachineServiceLayerTest.java:30)
]]></error>
  </testcase>
  <testcase name="testGetSelection" classname="pjm.vendingmachine.service.VendingMachineServiceLayerTest" time="0">
    <error type="java.lang.NullPointerException"><![CDATA[java.lang.NullPointerException
	at pjm.vendingmachine.service.VendingMachineServiceLayerTest.<init>(VendingMachineServiceLayerTest.java:30)
]]></error>
  </testcase>
  <testcase name="testAddMoney" classname="pjm.vendingmachine.service.VendingMachineServiceLayerTest" time="0.001">
    <error type="java.lang.NullPointerException"><![CDATA[java.lang.NullPointerException
	at pjm.vendingmachine.service.VendingMachineServiceLayerTest.<init>(VendingMachineServiceLayerTest.java:30)
]]></error>
  </testcase>
  <testcase name="testMakePurchase" classname="pjm.vendingmachine.service.VendingMachineServiceLayerTest" time="0">
    <error type="java.lang.NullPointerException"><![CDATA[java.lang.NullPointerException
	at pjm.vendingmachine.service.VendingMachineServiceLayerTest.<init>(VendingMachineServiceLayerTest.java:30)
]]></error>
  </testcase>
  <testcase name="testGetBalance" classname="pjm.vendingmachine.service.VendingMachineServiceLayerTest" time="0.001">
    <error type="java.lang.NullPointerException"><![CDATA[java.lang.NullPointerException
	at pjm.vendingmachine.service.VendingMachineServiceLayerTest.<init>(VendingMachineServiceLayerTest.java:30)
]]></error>
  </testcase>
  <testcase name="testSetMyChange" classname="pjm.vendingmachine.service.VendingMachineServiceLayerTest" time="0.001">
    <error type="java.lang.NullPointerException"><![CDATA[java.lang.NullPointerException
	at pjm.vendingmachine.service.VendingMachineServiceLayerTest.<init>(VendingMachineServiceLayerTest.java:30)
]]></error>
  </testcase>
  <testcase name="testGetMyChange" classname="pjm.vendingmachine.service.VendingMachineServiceLayerTest" time="0.001">
    <error type="java.lang.NullPointerException"><![CDATA[java.lang.NullPointerException
	at pjm.vendingmachine.service.VendingMachineServiceLayerTest.<init>(VendingMachineServiceLayerTest.java:30)
]]></error>
  </testcase>
  <testcase name="testSetSelection" classname="pjm.vendingmachine.service.VendingMachineServiceLayerTest" time="0.001">
    <error type="java.lang.NullPointerException"><![CDATA[java.lang.NullPointerException
	at pjm.vendingmachine.service.VendingMachineServiceLayerTest.<init>(VendingMachineServiceLayerTest.java:30)
]]></error>
  </testcase>
  <testcase name="testChangeReturn" classname="pjm.vendingmachine.service.VendingMachineServiceLayerTest" time="0">
    <error type="java.lang.NullPointerException"><![CDATA[java.lang.NullPointerException
	at pjm.vendingmachine.service.VendingMachineServiceLayerTest.<init>(VendingMachineServiceLayerTest.java:30)
]]></error>
  </testcase>
  <testcase name="testGetMessage" classname="pjm.vendingmachine.service.VendingMachineServiceLayerTest" time="0.001">
    <error type="java.lang.NullPointerException"><![CDATA[java.lang.NullPointerException
	at pjm.vendingmachine.service.VendingMachineServiceLayerTest.<init>(VendingMachineServiceLayerTest.java:30)
]]></error>
  </testcase>
  <testcase name="testSetBalance" classname="pjm.vendingmachine.service.VendingMachineServiceLayerTest" time="0.001">
    <error type="java.lang.NullPointerException"><![CDATA[java.lang.NullPointerException
	at pjm.vendingmachine.service.VendingMachineServiceLayerTest.<init>(VendingMachineServiceLayerTest.java:30)
]]></error>
  </testcase>
</testsuite>